<?xml version="1.0" encoding="UTF-8"?>
<testsuite name="edu.jsu.mcis.TicTacToeTest" tests="8" skipped="0" failures="0" errors="0" timestamp="2017-01-23T23:11:22" hostname="Kristen-PC" time="0.311">
  <properties/>
  <testcase name="testGameIsOverByTieIfAllLocationsAreFilled" classname="edu.jsu.mcis.TicTacToeTest" time="0.228"/>
  <testcase name="testGameIsWonByXHorizontallyAcrossTopRow" classname="edu.jsu.mcis.TicTacToeTest" time="0.043"/>
  <testcase name="testMarkXInUpperRightCorner" classname="edu.jsu.mcis.TicTacToeTest" time="0.009"/>
  <testcase name="testToStringWorksCorrectly" classname="edu.jsu.mcis.TicTacToeTest" time="0.005"/>
  <testcase name="testMarkOInBottomLeftCorner" classname="edu.jsu.mcis.TicTacToeTest" time="0.004"/>
  <testcase name="testInitialBoardIsEmpty" classname="edu.jsu.mcis.TicTacToeTest" time="0.0"/>
  <testcase name="testGameIsNotOverAfterTheFirstMark" classname="edu.jsu.mcis.TicTacToeTest" time="0.002"/>
  <testcase name="testUnableToMarkOverExistingMark" classname="edu.jsu.mcis.TicTacToeTest" time="0.0"/>
  <system-out><![CDATA[null
null
null
null
null
null
null
null
null
null
null
null
null
null
null
null
null
null
null
null
null
null
null
null
null
null
null
null
null
null
null
null
null
null
null
null
null
null
null
null
null
null
null
null
null
null
null
null
null
null
null
null
null
null
null
null
null
null
null
null
null
null
null
null
null
null
null
null
null
null
null
null
null
null
null
null
null
null
null
null
null
null
null
null
null
null
null
null
null
null
null
null
null
null
null
null
null
null
null
null
null
null
null
null
null
null
null
null
null
null
null
null
null
null
null
null
null
null
null
null
null
null
null
null
null
null
null
null
null
null
null
null
null
null
null
null
null
null
null
null
null
null
null
null
null
null
null
null
null
null
null
null
null
null
null
null
null
null
null
null
null
null
null
null
null
null
null
null
null
null
null
null
null
null
null
null
null
null
null
null
null
null
null
null
null
null
null
null
null
null
null
null
null
null
null
null
null
null
null
null
null
null
null
null
null
null
null
null
null
null
null
null
null
null
null
null
null
null
null
null
null
null
null
null
null
null
null
null
null
null
null
null
null
null
null
null
null
null
null
null
null
null
null
null
null
null
null
null
null
null
null
null
[[Ljava.lang.String;@61a9cd44, [Ljava.lang.String;@4c3fb887, [Ljava.lang.String;@58a89cc0]
[[Ljava.lang.String;@61a9cd44, [Ljava.lang.String;@4c3fb887, [Ljava.lang.String;@58a89cc0]
[[Ljava.lang.String;@61a9cd44, [Ljava.lang.String;@4c3fb887, [Ljava.lang.String;@58a89cc0]
null
null
null
null
null
null
null
null
null
null
null
null
null
null
null
null
null
null
null
null
null
null
null
null
null
null
null
null
null
null
null
null
null
null
null
null
null
null
null
null
null
null
null
null
null
null
null
null
null
null
null
null
null
null
]]></system-out>
  <system-err><![CDATA[]]></system-err>
</testsuite>
